Started GET "/" for ::1 at 2021-01-19 10:42:38 -0600
  [1m[35m (4.8ms)[0m  [1m[34mSELECT sqlite_version(*)[0m
Processing by Rails::WelcomeController#index as HTML
  Rendering /Users/goodalena12/.rvm/gems/ruby-2.6.1/gems/railties-6.1.1/lib/rails/templates/rails/welcome/index.html.erb
  Rendered /Users/goodalena12/.rvm/gems/ruby-2.6.1/gems/railties-6.1.1/lib/rails/templates/rails/welcome/index.html.erb (Duration: 30.0ms | Allocations: 519)
Completed 200 OK in 108ms (Views: 46.5ms | ActiveRecord: 0.0ms | Allocations: 4337)


Started GET "/home" for ::1 at 2021-01-19 10:42:43 -0600
Processing by StaticController#home as HTML
  Rendering layout layouts/application.html.erb
  Rendering static/home.html.erb within layouts/application
  Rendered static/home.html.erb within layouts/application (Duration: 1.7ms | Allocations: 112)
[Webpacker] Compiling...
[Webpacker] Compiled all packs in /Users/goodalena12/Flatiron/code/drehmann-bows/public/packs
[Webpacker] Hash: 415a948d492e21802f43
Version: webpack 4.46.0
Time: 5830ms
Built at: 01/19/2021 10:42:59 AM
                                     Asset       Size       Chunks                         Chunk Names
    js/application-d5a3c3b4dce84b5eb605.js    125 KiB  application  [emitted] [immutable]  application
js/application-d5a3c3b4dce84b5eb605.js.map    139 KiB  application  [emitted] [dev]        application
                             manifest.json  364 bytes               [emitted]              
Entrypoint application = js/application-d5a3c3b4dce84b5eb605.js js/application-d5a3c3b4dce84b5eb605.js.map
[./app/javascript/channels sync recursive _channel\.js$] ./app/javascript/channels sync _channel\.js$ 160 bytes {application} [built]
[./app/javascript/channels/index.js] 211 bytes {application} [built]
[./app/javascript/packs/application.js] 492 bytes {application} [built]
[./node_modules/webpack/buildin/module.js] (webpack)/buildin/module.js 552 bytes {application} [built]
    + 3 hidden modules

  Rendered layout layouts/application.html.erb (Duration: 16356.9ms | Allocations: 16625)
Completed 200 OK in 16394ms (Views: 16384.3ms | ActiveRecord: 0.0ms | Allocations: 17881)


Started GET "/" for ::1 at 2021-01-21 10:01:42 -0600
  [1m[35m (3.4ms)[0m  [1m[34mSELECT sqlite_version(*)[0m
Processing by Rails::WelcomeController#index as HTML
  Rendering /Users/goodalena12/.rvm/gems/ruby-2.6.1/gems/railties-6.1.1/lib/rails/templates/rails/welcome/index.html.erb
  Rendered /Users/goodalena12/.rvm/gems/ruby-2.6.1/gems/railties-6.1.1/lib/rails/templates/rails/welcome/index.html.erb (Duration: 20.0ms | Allocations: 354)
Completed 200 OK in 86ms (Views: 33.2ms | ActiveRecord: 0.0ms | Allocations: 2694)


Started GET "/home" for ::1 at 2021-01-21 10:01:51 -0600
Processing by StaticController#home as HTML
  Rendering layout layouts/application.html.erb
  Rendering static/home.html.erb within layouts/application
  Rendered static/home.html.erb within layouts/application (Duration: 3.0ms | Allocations: 149)
[Webpacker] Everything's up-to-date. Nothing to do
  Rendered layout layouts/application.html.erb (Duration: 182.8ms | Allocations: 14088)
Completed 200 OK in 194ms (Views: 190.3ms | ActiveRecord: 0.0ms | Allocations: 15262)


Started GET "/style.css" for ::1 at 2021-01-21 10:01:51 -0600
  
ActionController::RoutingError (No route matches [GET] "/style.css"):
  
Started GET "/images/mqd-bench.jpg" for ::1 at 2021-01-21 10:01:52 -0600
  
ActionController::RoutingError (No route matches [GET] "/images/mqd-bench.jpg"):
  
Started GET "/photos.html" for ::1 at 2021-01-21 10:02:07 -0600
Processing by StaticController#photos as HTML
  Rendering layout layouts/application.html.erb
  Rendering static/photos.html.erb within layouts/application
  Rendered static/photos.html.erb within layouts/application (Duration: 1.7ms | Allocations: 145)
[Webpacker] Everything's up-to-date. Nothing to do
  Rendered layout layouts/application.html.erb (Duration: 39.6ms | Allocations: 3749)
Completed 200 OK in 43ms (Views: 40.7ms | ActiveRecord: 0.0ms | Allocations: 4331)


Started GET "/style.css" for ::1 at 2021-01-21 10:02:07 -0600
  
ActionController::RoutingError (No route matches [GET] "/style.css"):
  
Started GET "/images/Vln-1.jpg" for ::1 at 2021-01-21 10:02:07 -0600
Started GET "/images/Vln-2.jpg" for ::1 at 2021-01-21 10:02:07 -0600
Started GET "/images/Clo-3.jpg" for ::1 at 2021-01-21 10:02:07 -0600
  
ActionController::RoutingError (No route matches [GET] "/images/Vln-1.jpg"):
  
Started GET "/images/Clo-2.jpg" for ::1 at 2021-01-21 10:02:07 -0600
  
ActionController::RoutingError (No route matches [GET] "/images/Vln-2.jpg"):
  
  
ActionController::RoutingError (No route matches [GET] "/images/Clo-3.jpg"):
  
  
ActionController::RoutingError (No route matches [GET] "/images/Clo-2.jpg"):
  
Started GET "/images/mqd-bench.jpg" for ::1 at 2021-01-21 10:02:07 -0600
  
ActionController::RoutingError (No route matches [GET] "/images/mqd-bench.jpg"):
  
Started GET "/images/Clo-1.jpg" for ::1 at 2021-01-21 10:02:08 -0600
  
ActionController::RoutingError (No route matches [GET] "/images/Clo-1.jpg"):
  
Started GET "/contact.html" for ::1 at 2021-01-21 10:02:09 -0600
Processing by StaticController#contact as HTML
  Rendering layout layouts/application.html.erb
  Rendering static/contact.html.erb within layouts/application
  Rendered static/contact.html.erb within layouts/application (Duration: 2.3ms | Allocations: 142)
[Webpacker] Everything's up-to-date. Nothing to do
  Rendered layout layouts/application.html.erb (Duration: 16.6ms | Allocations: 3616)
Completed 200 OK in 20ms (Views: 17.6ms | ActiveRecord: 0.0ms | Allocations: 4121)


Started GET "/style.css" for ::1 at 2021-01-21 10:02:09 -0600
  
ActionController::RoutingError (No route matches [GET] "/style.css"):
  
Started GET "/images/Vln-1.jpg" for ::1 at 2021-01-21 10:02:09 -0600
Started GET "/images/Clo-1.jpg" for ::1 at 2021-01-21 10:02:09 -0600
  
ActionController::RoutingError (No route matches [GET] "/images/Clo-1.jpg"):
  
  
ActionController::RoutingError (No route matches [GET] "/images/Vln-1.jpg"):
  
Started GET "/images/Vln-2.jpg" for ::1 at 2021-01-21 10:02:09 -0600
  
ActionController::RoutingError (No route matches [GET] "/images/Vln-2.jpg"):
  
Started GET "/images/Clo-3.jpg" for ::1 at 2021-01-21 10:02:09 -0600
  
ActionController::RoutingError (No route matches [GET] "/images/Clo-3.jpg"):
  
Started GET "/images/Clo-2.jpg" for ::1 at 2021-01-21 10:02:10 -0600
  
ActionController::RoutingError (No route matches [GET] "/images/Clo-2.jpg"):
  
Started GET "/index.html" for ::1 at 2021-01-21 10:02:14 -0600
  
ActionController::RoutingError (No route matches [GET] "/index.html"):
  
Started GET "/index.html" for ::1 at 2021-01-21 10:03:06 -0600
  
ActionController::RoutingError (No route matches [GET] "/index.html"):
  
Started GET "/contact.html" for ::1 at 2021-01-21 10:03:14 -0600
Processing by StaticController#contact as HTML
  Rendering layout layouts/application.html.erb
  Rendering static/contact.html.erb within layouts/application
  Rendered static/contact.html.erb within layouts/application (Duration: 3.2ms | Allocations: 140)
[Webpacker] Everything's up-to-date. Nothing to do
  Rendered layout layouts/application.html.erb (Duration: 109.5ms | Allocations: 3798)
Completed 200 OK in 125ms (Views: 120.4ms | ActiveRecord: 0.0ms | Allocations: 4924)


Started GET "/style.css" for ::1 at 2021-01-21 10:03:14 -0600
  
ActionController::RoutingError (No route matches [GET] "/style.css"):
  
Started GET "/home.html" for ::1 at 2021-01-21 10:03:16 -0600
Processing by StaticController#home as HTML
  Rendering layout layouts/application.html.erb
  Rendering static/home.html.erb within layouts/application
  Rendered static/home.html.erb within layouts/application (Duration: 4.0ms | Allocations: 142)
[Webpacker] Everything's up-to-date. Nothing to do
  Rendered layout layouts/application.html.erb (Duration: 30.1ms | Allocations: 3619)
Completed 200 OK in 34ms (Views: 31.2ms | ActiveRecord: 0.0ms | Allocations: 4123)


Started GET "/style.css" for ::1 at 2021-01-21 10:03:16 -0600
  
ActionController::RoutingError (No route matches [GET] "/style.css"):
  
Started GET "/images/mqd-bench.jpg" for ::1 at 2021-01-21 10:03:16 -0600
  
ActionController::RoutingError (No route matches [GET] "/images/mqd-bench.jpg"):
  
Started GET "/home.html" for ::1 at 2021-01-21 10:03:54 -0600
Processing by StaticController#home as HTML
  Rendering layout layouts/application.html.erb
  Rendering static/home.html.erb within layouts/application
  Rendered static/home.html.erb within layouts/application (Duration: 6.6ms | Allocations: 141)
[Webpacker] Everything's up-to-date. Nothing to do
  Rendered layout layouts/application.html.erb (Duration: 73.7ms | Allocations: 3799)
Completed 200 OK in 94ms (Views: 83.9ms | ActiveRecord: 0.0ms | Allocations: 4917)


Started GET "/style.css" for ::1 at 2021-01-21 10:03:55 -0600
  
ActionController::RoutingError (No route matches [GET] "/style.css"):
  
Started GET "/images/mqd-bench.jpg" for ::1 at 2021-01-21 10:03:55 -0600
  
ActionController::RoutingError (No route matches [GET] "/images/mqd-bench.jpg"):
  
Started GET "/photos.html" for ::1 at 2021-01-21 10:04:16 -0600
Processing by StaticController#photos as HTML
  Rendering layout layouts/application.html.erb
  Rendering static/photos.html.erb within layouts/application
  Rendered static/photos.html.erb within layouts/application (Duration: 1.4ms | Allocations: 143)
[Webpacker] Everything's up-to-date. Nothing to do
  Rendered layout layouts/application.html.erb (Duration: 30.0ms | Allocations: 3801)
Completed 200 OK in 40ms (Views: 35.1ms | ActiveRecord: 0.0ms | Allocations: 4918)


Started GET "/style.css" for ::1 at 2021-01-21 10:04:16 -0600
  
ActionController::RoutingError (No route matches [GET] "/style.css"):
  
Started GET "/images/Clo-1.jpg" for ::1 at 2021-01-21 10:04:16 -0600
Started GET "/images/Clo-2.jpg" for ::1 at 2021-01-21 10:04:16 -0600
Started GET "/images/Vln-2.jpg" for ::1 at 2021-01-21 10:04:16 -0600
  
ActionController::RoutingError (No route matches [GET] "/images/Clo-2.jpg"):
  
  
ActionController::RoutingError (No route matches [GET] "/images/Clo-1.jpg"):
  
  
ActionController::RoutingError (No route matches [GET] "/images/Vln-2.jpg"):
  
  
ActionController::RoutingError (No route matches [GET] "/assets/images/Vln-1.jpg"):
  
Started GET "/images/mqd-bench.jpg" for ::1 at 2021-01-21 10:04:16 -0600
  
ActionController::RoutingError (No route matches [GET] "/images/mqd-bench.jpg"):
  
Started GET "/images/Clo-3.jpg" for ::1 at 2021-01-21 10:04:17 -0600
  
ActionController::RoutingError (No route matches [GET] "/images/Clo-3.jpg"):
  
Started GET "/photos.html" for ::1 at 2021-01-21 10:04:26 -0600
Processing by StaticController#photos as HTML
  Rendering layout layouts/application.html.erb
  Rendering static/photos.html.erb within layouts/application
  Rendered static/photos.html.erb within layouts/application (Duration: 0.8ms | Allocations: 143)
[Webpacker] Everything's up-to-date. Nothing to do
  Rendered layout layouts/application.html.erb (Duration: 45.8ms | Allocations: 3801)
Completed 200 OK in 54ms (Views: 52.9ms | ActiveRecord: 0.0ms | Allocations: 4918)


Started GET "/style.css" for ::1 at 2021-01-21 10:04:26 -0600
  
ActionController::RoutingError (No route matches [GET] "/style.css"):
  
Started GET "/images/Clo-1.jpg" for ::1 at 2021-01-21 10:04:27 -0600
Started GET "/images/Clo-3.jpg" for ::1 at 2021-01-21 10:04:27 -0600
Started GET "/images/Clo-2.jpg" for ::1 at 2021-01-21 10:04:27 -0600
  
ActionController::RoutingError (No route matches [GET] "/images/Clo-1.jpg"):
  
  
ActionController::RoutingError (No route matches [GET] "/images/Clo-3.jpg"):
  
  
ActionController::RoutingError (No route matches [GET] "/images/Clo-2.jpg"):
  
  
ActionController::RoutingError (No route matches [GET] "/assets/images/Vln-1.jpg"):
  
Started GET "/images/Vln-2.jpg" for ::1 at 2021-01-21 10:04:27 -0600
  
ActionController::RoutingError (No route matches [GET] "/images/Vln-2.jpg"):
  
Started GET "/photos.html" for ::1 at 2021-01-21 10:04:56 -0600
Processing by StaticController#photos as HTML
  Rendering layout layouts/application.html.erb
  Rendering static/photos.html.erb within layouts/application
  Rendered static/photos.html.erb within layouts/application (Duration: 3.4ms | Allocations: 143)
[Webpacker] Everything's up-to-date. Nothing to do
  Rendered layout layouts/application.html.erb (Duration: 56.0ms | Allocations: 3801)
Completed 200 OK in 147ms (Views: 66.6ms | ActiveRecord: 0.0ms | Allocations: 4918)


Started GET "/style.css" for ::1 at 2021-01-21 10:04:56 -0600
  
ActionController::RoutingError (No route matches [GET] "/style.css"):
  
Started GET "/Vln-1.jpg" for ::1 at 2021-01-21 10:04:56 -0600
Started GET "/images/Clo-1.jpg" for ::1 at 2021-01-21 10:04:56 -0600
  
ActionController::RoutingError (No route matches [GET] "/images/Clo-1.jpg"):
  
Started GET "/images/Vln-2.jpg" for ::1 at 2021-01-21 10:04:56 -0600
Started GET "/images/Clo-2.jpg" for ::1 at 2021-01-21 10:04:56 -0600
  
ActionController::RoutingError (No route matches [GET] "/Vln-1.jpg"):
  
  
ActionController::RoutingError (No route matches [GET] "/images/Clo-2.jpg"):
  
  
ActionController::RoutingError (No route matches [GET] "/images/Vln-2.jpg"):
  
Started GET "/images/Clo-3.jpg" for ::1 at 2021-01-21 10:04:57 -0600
  
ActionController::RoutingError (No route matches [GET] "/images/Clo-3.jpg"):
  
Started GET "/home" for ::1 at 2021-01-21 13:46:07 -0600
  [1m[35m (7.4ms)[0m  [1m[34mSELECT sqlite_version(*)[0m
Processing by StaticController#home as HTML
  Rendering layout layouts/application.html.erb
  Rendering static/home.html.erb within layouts/application
  Rendered static/home.html.erb within layouts/application (Duration: 8.4ms | Allocations: 264)
[Webpacker] Everything's up-to-date. Nothing to do
  Rendered layout layouts/application.html.erb (Duration: 182.8ms | Allocations: 7661)
Completed 200 OK in 277ms (Views: 189.4ms | ActiveRecord: 0.0ms | Allocations: 10408)


Started GET "/style.css" for ::1 at 2021-01-21 13:46:08 -0600
  
ActionController::RoutingError (No route matches [GET] "/style.css"):
  
Started GET "/images/mqd-bench.jpg" for ::1 at 2021-01-21 13:46:08 -0600
  
ActionController::RoutingError (No route matches [GET] "/images/mqd-bench.jpg"):
  
Started GET "/photos.html" for ::1 at 2021-01-21 13:47:14 -0600
Processing by StaticController#photos as HTML
  Rendering layout layouts/application.html.erb
  Rendering static/photos.html.erb within layouts/application
  Rendered static/photos.html.erb within layouts/application (Duration: 0.9ms | Allocations: 145)
[Webpacker] Everything's up-to-date. Nothing to do
  Rendered layout layouts/application.html.erb (Duration: 33.1ms | Allocations: 3932)
Completed 200 OK in 45ms (Views: 41.7ms | ActiveRecord: 0.0ms | Allocations: 5131)


Started GET "/style.css" for ::1 at 2021-01-21 13:47:14 -0600
  
ActionController::RoutingError (No route matches [GET] "/style.css"):
  
Started GET "/images/mqd-bench.jpg" for ::1 at 2021-01-21 13:47:14 -0600
  
ActionController::RoutingError (No route matches [GET] "/images/mqd-bench.jpg"):
  
Started GET "/home.html" for ::1 at 2021-01-21 13:47:20 -0600
Processing by StaticController#home as HTML
  Rendering layout layouts/application.html.erb
  Rendering static/home.html.erb within layouts/application
  Rendered static/home.html.erb within layouts/application (Duration: 2.8ms | Allocations: 141)
[Webpacker] Everything's up-to-date. Nothing to do
  Rendered layout layouts/application.html.erb (Duration: 25.5ms | Allocations: 3615)
Completed 200 OK in 29ms (Views: 27.3ms | ActiveRecord: 0.0ms | Allocations: 4123)


Started GET "/style.css" for ::1 at 2021-01-21 13:47:21 -0600
  
ActionController::RoutingError (No route matches [GET] "/style.css"):
  
Started GET "/images/mqd-bench.jpg" for ::1 at 2021-01-21 13:47:21 -0600
  
ActionController::RoutingError (No route matches [GET] "/images/mqd-bench.jpg"):
  
Started GET "/contact.html" for ::1 at 2021-01-21 13:47:29 -0600
Processing by StaticController#contact as HTML
  Rendering layout layouts/application.html.erb
  Rendering static/contact.html.erb within layouts/application
  Rendered static/contact.html.erb within layouts/application (Duration: 2.9ms | Allocations: 142)
[Webpacker] Everything's up-to-date. Nothing to do
  Rendered layout layouts/application.html.erb (Duration: 55.3ms | Allocations: 3616)
Completed 200 OK in 59ms (Views: 56.9ms | ActiveRecord: 0.0ms | Allocations: 4121)


Started GET "/images/mqd-bench.jpg" for ::1 at 2021-01-21 13:47:29 -0600
  
ActionController::RoutingError (No route matches [GET] "/images/mqd-bench.jpg"):
  
Started GET "/home.html" for ::1 at 2021-01-21 13:48:09 -0600
Processing by StaticController#home as HTML
  Rendering layout layouts/application.html.erb
  Rendering static/home.html.erb within layouts/application
  Rendered static/home.html.erb within layouts/application (Duration: 5.2ms | Allocations: 142)
Started GET "/images/mqd-bench.jpg" for ::1 at 2021-01-21 13:48:09 -0600
  
ActionController::RoutingError (No route matches [GET] "/images/mqd-bench.jpg"):
  
Started GET "/style.css" for ::1 at 2021-01-21 13:48:09 -0600
  
ActionController::RoutingError (No route matches [GET] "/style.css"):
  
[Webpacker] Everything's up-to-date. Nothing to do
  Rendered layout layouts/application.html.erb (Duration: 139.5ms | Allocations: 33083)
Completed 200 OK in 156ms (Views: 147.3ms | ActiveRecord: 0.0ms | Allocations: 34199)


Started GET "/photos.html" for ::1 at 2021-01-21 13:48:34 -0600
Processing by StaticController#photos as HTML
  Rendering layout layouts/application.html.erb
  Rendering static/photos.html.erb within layouts/application
  Rendered static/photos.html.erb within layouts/application (Duration: 3.2ms | Allocations: 142)
Started GET "/style.css" for ::1 at 2021-01-21 13:48:34 -0600
  
ActionController::RoutingError (No route matches [GET] "/style.css"):
  
[Webpacker] Everything's up-to-date. Nothing to do
  Rendered layout layouts/application.html.erb (Duration: 134.4ms | Allocations: 17536)
Completed 200 OK in 139ms (Views: 136.3ms | ActiveRecord: 0.0ms | Allocations: 18040)


Started GET "/home.html" for ::1 at 2021-01-21 13:48:40 -0600
Processing by StaticController#home as HTML
  Rendering layout layouts/application.html.erb
  Rendering static/home.html.erb within layouts/application
  Rendered static/home.html.erb within layouts/application (Duration: 0.1ms | Allocations: 37)
[Webpacker] Everything's up-to-date. Nothing to do
  Rendered layout layouts/application.html.erb (Duration: 13.8ms | Allocations: 3506)
Completed 200 OK in 16ms (Views: 14.5ms | ActiveRecord: 0.0ms | Allocations: 3881)


Started GET "/style.css" for ::1 at 2021-01-21 13:48:40 -0600
  
ActionController::RoutingError (No route matches [GET] "/style.css"):
  
Started GET "/home.html" for ::1 at 2021-01-21 13:49:22 -0600
Processing by StaticController#home as HTML
  Rendering layout layouts/application.html.erb
  Rendering static/home.html.erb within layouts/application
  Rendered static/home.html.erb within layouts/application (Duration: 1.6ms | Allocations: 147)
[Webpacker] Everything's up-to-date. Nothing to do
  Rendered layout layouts/application.html.erb (Duration: 72.3ms | Allocations: 3806)
Completed 200 OK in 88ms (Views: 80.5ms | ActiveRecord: 0.0ms | Allocations: 4925)


Started GET "/style.css" for ::1 at 2021-01-21 13:49:22 -0600
  
ActionController::RoutingError (No route matches [GET] "/style.css"):
  
Started GET "/photos.html" for ::1 at 2021-01-21 13:49:35 -0600
Processing by StaticController#photos as HTML
  Rendering layout layouts/application.html.erb
  Rendering static/photos.html.erb within layouts/application
  Rendered static/photos.html.erb within layouts/application (Duration: 4.0ms | Allocations: 142)
[Webpacker] Everything's up-to-date. Nothing to do
  Rendered layout layouts/application.html.erb (Duration: 42.1ms | Allocations: 3614)
Completed 200 OK in 45ms (Views: 43.2ms | ActiveRecord: 0.0ms | Allocations: 4117)


Started GET "/style.css" for ::1 at 2021-01-21 13:49:35 -0600
  
ActionController::RoutingError (No route matches [GET] "/style.css"):
  
Started GET "/style.css" for ::1 at 2021-01-21 22:03:57 -0600
Started GET "/home.html" for ::1 at 2021-01-21 22:03:57 -0600
  [1m[35m (2.9ms)[0m  [1m[34mSELECT sqlite_version(*)[0m
  
ActionController::RoutingError (No route matches [GET] "/style.css"):
  
Processing by StaticController#home as HTML
  Rendering layout layouts/application.html.erb
  Rendering static/home.html.erb within layouts/application
  Rendered static/home.html.erb within layouts/application (Duration: 7.4ms | Allocations: 394)
[Webpacker] Everything's up-to-date. Nothing to do
  Rendered layout layouts/application.html.erb (Duration: 314.4ms | Allocations: 32555)
Completed 200 OK in 430ms (Views: 337.7ms | ActiveRecord: 0.0ms | Allocations: 35794)


Started GET "/style.css" for ::1 at 2021-01-21 22:03:58 -0600
  
ActionController::RoutingError (No route matches [GET] "/style.css"):
  
Started GET "/home.html" for ::1 at 2021-01-21 22:07:15 -0600
Processing by StaticController#home as HTML
  Rendering layout layouts/application.html.erb
  Rendering static/home.html.erb within layouts/application
  Rendered static/home.html.erb within layouts/application (Duration: 9.4ms | Allocations: 141)
[Webpacker] Everything's up-to-date. Nothing to do
  Rendered layout layouts/application.html.erb (Duration: 64.7ms | Allocations: 3799)
Completed 200 OK in 92ms (Views: 83.0ms | ActiveRecord: 0.0ms | Allocations: 4914)


Started GET "/style.css" for ::1 at 2021-01-21 22:07:15 -0600
  
ActionController::RoutingError (No route matches [GET] "/style.css"):
  
Started GET "/home.html" for ::1 at 2021-01-21 22:08:15 -0600
Processing by StaticController#home as HTML
  Rendering layout layouts/application.html.erb
  Rendering static/home.html.erb within layouts/application
  Rendered static/home.html.erb within layouts/application (Duration: 4.4ms | Allocations: 145)
[Webpacker] Everything's up-to-date. Nothing to do
  Rendered layout layouts/application.html.erb (Duration: 65.5ms | Allocations: 3805)
Completed 200 OK in 99ms (Views: 81.8ms | ActiveRecord: 0.0ms | Allocations: 4927)


Started GET "/style.css" for ::1 at 2021-01-21 22:08:15 -0600
  
ActionController::RoutingError (No route matches [GET] "/style.css"):
  
Started GET "/home.html" for ::1 at 2021-01-21 22:09:35 -0600
Processing by StaticController#home as HTML
  Rendering layout layouts/application.html.erb
  Rendering static/home.html.erb within layouts/application
  Rendered static/home.html.erb within layouts/application (Duration: 1.1ms | Allocations: 198)
[Webpacker] Everything's up-to-date. Nothing to do
  Rendered layout layouts/application.html.erb (Duration: 41.7ms | Allocations: 3854)
Completed 200 OK in 49ms (Views: 47.8ms | ActiveRecord: 0.0ms | Allocations: 4965)


Started GET "/style.css" for ::1 at 2021-01-21 22:09:35 -0600
  
ActionController::RoutingError (No route matches [GET] "/style.css"):
  
Started GET "/home" for ::1 at 2021-01-21 22:10:13 -0600
  [1m[35m (6.2ms)[0m  [1m[34mSELECT sqlite_version(*)[0m
Processing by StaticController#home as HTML
  Rendering layout layouts/application.html.erb
  Rendering static/home.html.erb within layouts/application
  Rendered static/home.html.erb within layouts/application (Duration: 12.9ms | Allocations: 330)
[Webpacker] Everything's up-to-date. Nothing to do
  Rendered layout layouts/application.html.erb (Duration: 177.6ms | Allocations: 7716)
Completed 200 OK in 270ms (Views: 212.2ms | ActiveRecord: 0.0ms | Allocations: 10808)


Started GET "/style.css" for ::1 at 2021-01-21 22:10:14 -0600
  
ActionController::RoutingError (No route matches [GET] "/style.css"):
  
Started GET "/home.html" for ::1 at 2021-01-21 22:11:58 -0600
Processing by StaticController#home as HTML
  Rendering layout layouts/application.html.erb
  Rendering static/home.html.erb within layouts/application
  Rendered static/home.html.erb within layouts/application (Duration: 9.5ms | Allocations: 203)
[Webpacker] Everything's up-to-date. Nothing to do
  Rendered layout layouts/application.html.erb (Duration: 73.1ms | Allocations: 3952)
Completed 200 OK in 103ms (Views: 84.5ms | ActiveRecord: 0.0ms | Allocations: 5151)


Started GET "/style.css" for ::1 at 2021-01-21 22:11:58 -0600
  
ActionController::RoutingError (No route matches [GET] "/style.css"):
  
Started GET "/photos.html" for ::1 at 2021-01-21 22:12:00 -0600
Processing by StaticController#photos as HTML
  Rendering layout layouts/application.html.erb
  Rendering static/photos.html.erb within layouts/application
  Rendered static/photos.html.erb within layouts/application (Duration: 3.9ms | Allocations: 145)
[Webpacker] Everything's up-to-date. Nothing to do
  Rendered layout layouts/application.html.erb (Duration: 21.7ms | Allocations: 3642)
Completed 200 OK in 28ms (Views: 26.5ms | ActiveRecord: 0.0ms | Allocations: 4149)


Started GET "/style.css" for ::1 at 2021-01-21 22:12:00 -0600
  
ActionController::RoutingError (No route matches [GET] "/style.css"):
  
Started GET "/contact.html" for ::1 at 2021-01-21 22:12:02 -0600
Processing by StaticController#contact as HTML
  Rendering layout layouts/application.html.erb
  Rendering static/contact.html.erb within layouts/application
  Rendered static/contact.html.erb within layouts/application (Duration: 1.2ms | Allocations: 144)
[Webpacker] Everything's up-to-date. Nothing to do
  Rendered layout layouts/application.html.erb (Duration: 17.8ms | Allocations: 3639)
Completed 200 OK in 21ms (Views: 19.1ms | ActiveRecord: 0.0ms | Allocations: 4144)


Started GET "/home.html" for ::1 at 2021-01-21 22:12:05 -0600
Processing by StaticController#home as HTML
  Rendering layout layouts/application.html.erb
  Rendering static/home.html.erb within layouts/application
  Rendered static/home.html.erb within layouts/application (Duration: 0.2ms | Allocations: 61)
Started GET "/style.css" for ::1 at 2021-01-21 22:12:05 -0600
  
ActionController::RoutingError (No route matches [GET] "/style.css"):
  
[Webpacker] Everything's up-to-date. Nothing to do
  Rendered layout layouts/application.html.erb (Duration: 81.4ms | Allocations: 16748)
Completed 200 OK in 90ms (Views: 88.1ms | ActiveRecord: 0.0ms | Allocations: 17183)


Started GET "/home.html" for ::1 at 2021-01-21 22:13:11 -0600
Processing by StaticController#home as HTML
  Rendering layout layouts/application.html.erb
  Rendering static/home.html.erb within layouts/application
  Rendered static/home.html.erb within layouts/application (Duration: 4.0ms | Allocations: 187)
Started GET "/style.css" for ::1 at 2021-01-21 22:13:12 -0600
  
ActionController::RoutingError (No route matches [GET] "/style.css"):
  
[Webpacker] Everything's up-to-date. Nothing to do
  Rendered layout layouts/application.html.erb (Duration: 162.3ms | Allocations: 18185)
Completed 200 OK in 176ms (Views: 173.7ms | ActiveRecord: 0.0ms | Allocations: 19308)


Started GET "/photos.html" for ::1 at 2021-01-21 22:13:14 -0600
Processing by StaticController#photos as HTML
  Rendering layout layouts/application.html.erb
  Rendering static/photos.html.erb within layouts/application
  Rendered static/photos.html.erb within layouts/application (Duration: 5.7ms | Allocations: 142)
[Webpacker] Everything's up-to-date. Nothing to do
  Rendered layout layouts/application.html.erb (Duration: 34.2ms | Allocations: 3637)
Completed 200 OK in 41ms (Views: 37.4ms | ActiveRecord: 0.0ms | Allocations: 4140)


Started GET "/style.css" for ::1 at 2021-01-21 22:13:14 -0600
  
ActionController::RoutingError (No route matches [GET] "/style.css"):
  
Started GET "/home.html" for ::1 at 2021-01-21 22:13:16 -0600
Processing by StaticController#home as HTML
  Rendering layout layouts/application.html.erb
  Rendering static/home.html.erb within layouts/application
  Rendered static/home.html.erb within layouts/application (Duration: 0.1ms | Allocations: 61)
[Webpacker] Everything's up-to-date. Nothing to do
  Rendered layout layouts/application.html.erb (Duration: 23.1ms | Allocations: 3553)
Completed 200 OK in 24ms (Views: 23.6ms | ActiveRecord: 0.0ms | Allocations: 3929)


Started GET "/style.css" for ::1 at 2021-01-21 22:13:16 -0600
  
ActionController::RoutingError (No route matches [GET] "/style.css"):
  
Started GET "/home.html" for ::1 at 2021-01-21 22:13:58 -0600
Processing by StaticController#home as HTML
  Rendering layout layouts/application.html.erb
  Rendering static/home.html.erb within layouts/application
  Rendered static/home.html.erb within layouts/application (Duration: 2.3ms | Allocations: 119)
Started GET "/style.css" for ::1 at 2021-01-21 22:13:58 -0600
  
ActionController::RoutingError (No route matches [GET] "/style.css"):
  
[Webpacker] Everything's up-to-date. Nothing to do
  Rendered layout layouts/application.html.erb (Duration: 95.4ms | Allocations: 17739)
Completed 200 OK in 111ms (Views: 107.3ms | ActiveRecord: 0.0ms | Allocations: 18907)


Started GET "/home.html" for ::1 at 2021-01-21 22:15:53 -0600
Processing by StaticController#home as HTML
  Rendering layout layouts/application.html.erb
  Rendering static/home.html.erb within layouts/application
  Rendered static/home.html.erb within layouts/application (Duration: 8.8ms | Allocations: 118)
[Webpacker] Everything's up-to-date. Nothing to do
  Rendered layout layouts/application.html.erb (Duration: 79.3ms | Allocations: 3825)
Completed 200 OK in 134ms (Views: 117.6ms | ActiveRecord: 0.0ms | Allocations: 4942)


Started GET "/home.html" for ::1 at 2021-01-21 22:16:48 -0600
Processing by StaticController#home as HTML
  Rendering layout layouts/application.html.erb
  Rendering static/home.html.erb within layouts/application
  Rendered static/home.html.erb within layouts/application (Duration: 0.3ms | Allocations: 37)
[Webpacker] Everything's up-to-date. Nothing to do
  Rendered layout layouts/application.html.erb (Duration: 61.0ms | Allocations: 3529)
Completed 200 OK in 64ms (Views: 62.8ms | Allocations: 3904)


Started GET "/photos.html" for ::1 at 2021-01-21 22:16:51 -0600
Processing by StaticController#photos as HTML
  Rendering layout layouts/application.html.erb
  Rendering static/photos.html.erb within layouts/application
  Rendered static/photos.html.erb within layouts/application (Duration: 3.2ms | Allocations: 126)
[Webpacker] Everything's up-to-date. Nothing to do
  Rendered layout layouts/application.html.erb (Duration: 19.6ms | Allocations: 3621)
Completed 200 OK in 23ms (Views: 20.7ms | Allocations: 4123)


Started GET "/contact.html" for ::1 at 2021-01-21 22:16:56 -0600
Processing by StaticController#contact as HTML
  Rendering layout layouts/application.html.erb
  Rendering static/contact.html.erb within layouts/application
  Rendered static/contact.html.erb within layouts/application (Duration: 2.6ms | Allocations: 123)
[Webpacker] Everything's up-to-date. Nothing to do
  Rendered layout layouts/application.html.erb (Duration: 20.6ms | Allocations: 3618)
Completed 200 OK in 24ms (Views: 21.9ms | Allocations: 4121)


Started GET "/home.html" for ::1 at 2021-01-21 22:17:06 -0600
Processing by StaticController#home as HTML
  Rendering layout layouts/application.html.erb
  Rendering static/home.html.erb within layouts/application
  Rendered static/home.html.erb within layouts/application (Duration: 0.2ms | Allocations: 37)
[Webpacker] Everything's up-to-date. Nothing to do
  Rendered layout layouts/application.html.erb (Duration: 37.6ms | Allocations: 3529)
Completed 200 OK in 40ms (Views: 39.2ms | Allocations: 3904)


Started GET "/home.html" for ::1 at 2021-01-21 22:20:14 -0600
Processing by StaticController#home as HTML
  Rendering layout layouts/application.html.erb
  Rendering static/home.html.erb within layouts/application
  Rendered static/home.html.erb within layouts/application (Duration: 5.7ms | Allocations: 118)
[Webpacker] Everything's up-to-date. Nothing to do
  Rendered layout layouts/application.html.erb (Duration: 73.3ms | Allocations: 4297)
Completed 200 OK in 103ms (Views: 88.8ms | Allocations: 5409)


Started GET "/home.html" for ::1 at 2021-01-21 22:20:17 -0600
Processing by StaticController#home as HTML
  Rendering layout layouts/application.html.erb
  Rendering static/home.html.erb within layouts/application
  Rendered static/home.html.erb within layouts/application (Duration: 0.1ms | Allocations: 37)
[Webpacker] Everything's up-to-date. Nothing to do
  Rendered layout layouts/application.html.erb (Duration: 20.7ms | Allocations: 3984)
Completed 200 OK in 24ms (Views: 22.2ms | Allocations: 4359)


Started GET "/photos.html" for ::1 at 2021-01-21 22:20:19 -0600
Processing by StaticController#photos as HTML
  Rendering layout layouts/application.html.erb
  Rendering static/photos.html.erb within layouts/application
  Rendered static/photos.html.erb within layouts/application (Duration: 5.7ms | Allocations: 125)
[Webpacker] Everything's up-to-date. Nothing to do
  Rendered layout layouts/application.html.erb (Duration: 31.2ms | Allocations: 4075)
Completed 200 OK in 35ms (Views: 32.2ms | Allocations: 4577)


Started GET "/contact.html" for ::1 at 2021-01-21 22:20:21 -0600
Processing by StaticController#contact as HTML
  Rendering layout layouts/application.html.erb
  Rendering static/contact.html.erb within layouts/application
  Rendered static/contact.html.erb within layouts/application (Duration: 3.1ms | Allocations: 122)
[Webpacker] Everything's up-to-date. Nothing to do
  Rendered layout layouts/application.html.erb (Duration: 136.4ms | Allocations: 4072)
Completed 200 OK in 140ms (Views: 138.1ms | Allocations: 4575)


Started GET "/home.html" for ::1 at 2021-01-21 22:20:23 -0600
Processing by StaticController#home as HTML
  Rendering layout layouts/application.html.erb
  Rendering static/home.html.erb within layouts/application
  Rendered static/home.html.erb within layouts/application (Duration: 0.1ms | Allocations: 37)
[Webpacker] Everything's up-to-date. Nothing to do
  Rendered layout layouts/application.html.erb (Duration: 14.4ms | Allocations: 3985)
Completed 200 OK in 17ms (Views: 15.4ms | Allocations: 4360)


Started GET "/home.html" for ::1 at 2021-01-21 22:21:37 -0600
  [1m[35m (3.9ms)[0m  [1m[34mSELECT sqlite_version(*)[0m
Processing by StaticController#home as HTML
  Rendering layout layouts/application.html.erb
  Rendering static/home.html.erb within layouts/application
  Rendered static/home.html.erb within layouts/application (Duration: 8.8ms | Allocations: 241)
[Webpacker] Everything's up-to-date. Nothing to do
  Rendered layout layouts/application.html.erb (Duration: 205.0ms | Allocations: 8162)
Completed 200 OK in 275ms (Views: 227.0ms | ActiveRecord: 0.0ms | Allocations: 10905)


Started GET "/photos.html" for ::1 at 2021-01-21 22:21:41 -0600
Processing by StaticController#photos as HTML
  Rendering layout layouts/application.html.erb
  Rendering static/photos.html.erb within layouts/application
  Rendered static/photos.html.erb within layouts/application (Duration: 2.8ms | Allocations: 128)
[Webpacker] Everything's up-to-date. Nothing to do
  Rendered layout layouts/application.html.erb (Duration: 22.3ms | Allocations: 4291)
Completed 200 OK in 35ms (Views: 32.8ms | ActiveRecord: 0.0ms | Allocations: 5407)


Started GET "/contact.html" for ::1 at 2021-01-21 22:21:43 -0600
Processing by StaticController#contact as HTML
  Rendering layout layouts/application.html.erb
  Rendering static/contact.html.erb within layouts/application
  Rendered static/contact.html.erb within layouts/application (Duration: 3.9ms | Allocations: 125)
[Webpacker] Everything's up-to-date. Nothing to do
  Rendered layout layouts/application.html.erb (Duration: 19.6ms | Allocations: 4075)
Completed 200 OK in 23ms (Views: 21.0ms | ActiveRecord: 0.0ms | Allocations: 4578)


Started GET "/home.html" for ::1 at 2021-01-21 22:21:46 -0600
Processing by StaticController#home as HTML
  Rendering layout layouts/application.html.erb
  Rendering static/home.html.erb within layouts/application
  Rendered static/home.html.erb within layouts/application (Duration: 3.4ms | Allocations: 118)
[Webpacker] Everything's up-to-date. Nothing to do
  Rendered layout layouts/application.html.erb (Duration: 27.9ms | Allocations: 4070)
Completed 200 OK in 32ms (Views: 29.7ms | ActiveRecord: 0.0ms | Allocations: 4576)


Started GET "/photos.html" for ::1 at 2021-01-21 22:21:53 -0600
Processing by StaticController#photos as HTML
  Rendering layout layouts/application.html.erb
  Rendering static/photos.html.erb within layouts/application
  Rendered static/photos.html.erb within layouts/application (Duration: 0.1ms | Allocations: 37)
[Webpacker] Everything's up-to-date. Nothing to do
  Rendered layout layouts/application.html.erb (Duration: 39.0ms | Allocations: 3986)
Completed 200 OK in 42ms (Views: 40.9ms | ActiveRecord: 0.0ms | Allocations: 4364)


Started GET "/contact.html" for ::1 at 2021-01-21 22:22:50 -0600
Processing by StaticController#contact as HTML
  Rendering layout layouts/application.html.erb
  Rendering static/contact.html.erb within layouts/application
  Rendered static/contact.html.erb within layouts/application (Duration: 0.2ms | Allocations: 37)
[Webpacker] Everything's up-to-date. Nothing to do
  Rendered layout layouts/application.html.erb (Duration: 101.3ms | Allocations: 3987)
Completed 200 OK in 104ms (Views: 102.8ms | ActiveRecord: 0.0ms | Allocations: 4365)


Started GET "/home.html" for ::1 at 2021-01-21 22:22:52 -0600
Processing by StaticController#home as HTML
  Rendering layout layouts/application.html.erb
  Rendering static/home.html.erb within layouts/application
  Rendered static/home.html.erb within layouts/application (Duration: 0.2ms | Allocations: 37)
[Webpacker] Everything's up-to-date. Nothing to do
  Rendered layout layouts/application.html.erb (Duration: 27.1ms | Allocations: 3984)
Completed 200 OK in 29ms (Views: 28.1ms | ActiveRecord: 0.0ms | Allocations: 4358)


Started GET "/home.html" for ::1 at 2021-01-21 22:25:43 -0600
Processing by StaticController#home as HTML
  Rendering layout layouts/application.html.erb
  Rendering static/home.html.erb within layouts/application
  Rendered static/home.html.erb within layouts/application (Duration: 4.4ms | Allocations: 123)
[Webpacker] Everything's up-to-date. Nothing to do
  Rendered layout layouts/application.html.erb (Duration: 64.8ms | Allocations: 4287)
Completed 200 OK in 95ms (Views: 75.2ms | ActiveRecord: 0.0ms | Allocations: 5403)


Started GET "/photos.html" for ::1 at 2021-01-21 22:25:44 -0600
Processing by StaticController#photos as HTML
  Rendering layout layouts/application.html.erb
  Rendering static/photos.html.erb within layouts/application
  Rendered static/photos.html.erb within layouts/application (Duration: 12.4ms | Allocations: 124)
[Webpacker] Everything's up-to-date. Nothing to do
  Rendered layout layouts/application.html.erb (Duration: 45.0ms | Allocations: 4074)
Completed 200 OK in 48ms (Views: 45.9ms | ActiveRecord: 0.0ms | Allocations: 4578)


Started GET "/contact.html" for ::1 at 2021-01-21 22:25:46 -0600
Processing by StaticController#contact as HTML
  Rendering layout layouts/application.html.erb
  Rendering static/contact.html.erb within layouts/application
  Rendered static/contact.html.erb within layouts/application (Duration: 2.5ms | Allocations: 122)
[Webpacker] Everything's up-to-date. Nothing to do
  Rendered layout layouts/application.html.erb (Duration: 24.5ms | Allocations: 4072)
Completed 200 OK in 27ms (Views: 25.4ms | ActiveRecord: 0.0ms | Allocations: 4576)


Started GET "/home.html" for ::1 at 2021-01-21 22:25:53 -0600
Processing by StaticController#home as HTML
  Rendering layout layouts/application.html.erb
  Rendering static/home.html.erb within layouts/application
  Rendered static/home.html.erb within layouts/application (Duration: 0.2ms | Allocations: 37)
[Webpacker] Everything's up-to-date. Nothing to do
  Rendered layout layouts/application.html.erb (Duration: 26.1ms | Allocations: 3984)
Completed 200 OK in 31ms (Views: 27.4ms | ActiveRecord: 0.0ms | Allocations: 4359)


Started GET "/" for ::1 at 2021-01-21 22:29:45 -0600
  [1m[35m (19.2ms)[0m  [1m[34mSELECT sqlite_version(*)[0m
Processing by StaticController#home as HTML
  Rendering layout layouts/application.html.erb
  Rendering static/home.html.erb within layouts/application
  Rendered static/home.html.erb within layouts/application (Duration: 9.5ms | Allocations: 240)
[Webpacker] Everything's up-to-date. Nothing to do
  Rendered layout layouts/application.html.erb (Duration: 163.4ms | Allocations: 8162)
Completed 200 OK in 220ms (Views: 174.3ms | ActiveRecord: 0.0ms | Allocations: 10909)


Started GET "/home.html" for ::1 at 2021-01-21 22:29:51 -0600
Processing by StaticController#home as HTML
  Rendering layout layouts/application.html.erb
  Rendering static/home.html.erb within layouts/application
  Rendered static/home.html.erb within layouts/application (Duration: 0.1ms | Allocations: 37)
[Webpacker] Everything's up-to-date. Nothing to do
  Rendered layout layouts/application.html.erb (Duration: 24.7ms | Allocations: 3986)
Completed 200 OK in 28ms (Views: 25.8ms | ActiveRecord: 0.0ms | Allocations: 4364)


Started GET "/photos.html" for ::1 at 2021-01-21 22:29:56 -0600
Processing by StaticController#photos as HTML
  Rendering layout layouts/application.html.erb
  Rendering static/photos.html.erb within layouts/application
  Rendered static/photos.html.erb within layouts/application (Duration: 2.5ms | Allocations: 131)
[Webpacker] Everything's up-to-date. Nothing to do
  Rendered layout layouts/application.html.erb (Duration: 13.6ms | Allocations: 4084)
Completed 200 OK in 71ms (Views: 69.4ms | ActiveRecord: 0.0ms | Allocations: 4591)


Started GET "/contact.html" for ::1 at 2021-01-21 22:30:01 -0600
Processing by StaticController#contact as HTML
  Rendering layout layouts/application.html.erb
  Rendering static/contact.html.erb within layouts/application
  Rendered static/contact.html.erb within layouts/application (Duration: 2.4ms | Allocations: 124)
[Webpacker] Everything's up-to-date. Nothing to do
  Rendered layout layouts/application.html.erb (Duration: 24.0ms | Allocations: 4074)
Completed 200 OK in 27ms (Views: 25.1ms | ActiveRecord: 0.0ms | Allocations: 4577)


Started GET "/home.html" for ::1 at 2021-01-21 22:33:41 -0600
Processing by StaticController#home as HTML
  Rendering layout layouts/application.html.erb
  Rendering static/home.html.erb within layouts/application
  Rendered static/home.html.erb within layouts/application (Duration: 0.7ms | Allocations: 37)
[Webpacker] Everything's up-to-date. Nothing to do
  Rendered layout layouts/application.html.erb (Duration: 133.7ms | Allocations: 3987)
Completed 200 OK in 159ms (Views: 142.0ms | ActiveRecord: 0.0ms | Allocations: 4365)


Started GET "/photos.html" for ::1 at 2021-01-21 22:33:48 -0600
Processing by StaticController#photos as HTML
  Rendering layout layouts/application.html.erb
  Rendering static/photos.html.erb within layouts/application
  Rendered static/photos.html.erb within layouts/application (Duration: 0.3ms | Allocations: 37)
[Webpacker] Everything's up-to-date. Nothing to do
  Rendered layout layouts/application.html.erb (Duration: 90.9ms | Allocations: 3984)
Completed 200 OK in 101ms (Views: 99.5ms | ActiveRecord: 0.0ms | Allocations: 4358)


Started GET "/contact.html" for ::1 at 2021-01-21 22:33:50 -0600
Processing by StaticController#contact as HTML
  Rendering layout layouts/application.html.erb
  Rendering static/contact.html.erb within layouts/application
  Rendered static/contact.html.erb within layouts/application (Duration: 8.1ms | Allocations: 37)
[Webpacker] Everything's up-to-date. Nothing to do
  Rendered layout layouts/application.html.erb (Duration: 72.2ms | Allocations: 3986)
Completed 200 OK in 75ms (Views: 73.4ms | ActiveRecord: 0.0ms | Allocations: 4362)


